<?xml version="1.0" encoding="UTF-8"?>
<!-- Generated by org.testng.reporters.JUnitReportReporter -->
<testsuite hostname="SSPL020" failures="0" tests="1" name="Step_def.login_stepdef" time="4.995" errors="0" timestamp="2024-12-11T15:45:29 IST" skipped="0">
  <testcase classname="Step_def.login_stepdef" name="user_on_login_page" time="4.995"/>
</testsuite> <!-- Step_def.login_stepdef -->
